<?xml version="1.0" encoding="UTF-8"?>
<!-- Generated by org.testng.reporters.JUnitReportReporter -->
<testsuite hostname="MSI-C165" failures="0" tests="1" name="Asgard.LoginPage" time="77.828" errors="0" timestamp="06 Dec 2019 09:32:39 GMT" skipped="0">
  <testcase classname="Asgard.LoginPage" name="CreateUser" time="77.828"/>
</testsuite> <!-- Asgard.LoginPage -->
