<?xml version="1.0" encoding="UTF-8"?>
<!-- Generated by org.testng.reporters.JUnitReportReporter -->
<testsuite hostname="MSI-C165" failures="0" tests="1" name="Asgard.LoginPage" time="85.926" errors="0" timestamp="11 Dec 2019 13:26:36 GMT" skipped="0">
  <testcase classname="Asgard.LoginPage" name="GEditProfile" time="85.926"/>
</testsuite> <!-- Asgard.LoginPage -->
