<?xml version="1.0" encoding="UTF-8"?>
<!-- Generated by org.testng.reporters.JUnitReportReporter -->
<testsuite hostname="MSI-C165" failures="0" tests="1" name="Asgard.LoginPage" time="40.565" errors="0" timestamp="12 Dec 2019 14:13:17 GMT" skipped="0">
  <testcase classname="Asgard.LoginPage" name="ALogin" time="40.565"/>
</testsuite> <!-- Asgard.LoginPage -->
