<?xml version="1.0" encoding="UTF-8"?>
<!-- Generated by org.testng.reporters.JUnitReportReporter -->
<testsuite hostname="MSI-C165" failures="0" tests="7" name="Asgard.LoginPage" time="410.937" errors="0" timestamp="04 Dec 2019 14:13:55 GMT" skipped="0">
  <testcase classname="Asgard.LoginPage" name="EditProfile" time="74.923"/>
  <testcase classname="Asgard.LoginPage" name="AddCompetitor" time="125.172"/>
  <testcase classname="Asgard.LoginPage" name="CreateProfile" time="52.259"/>
  <testcase classname="Asgard.LoginPage" name="CreateUser" time="65.028"/>
  <testcase classname="Asgard.LoginPage" name="Login" time="23.367"/>
  <testcase classname="Asgard.LoginPage" name="Logout" time="27.928"/>
  <testcase classname="Asgard.LoginPage" name="CreateBusiness" time="42.260"/>
</testsuite> <!-- Asgard.LoginPage -->
