<?xml version="1.0" encoding="UTF-8"?>
<!-- Generated by org.testng.reporters.JUnitReportReporter -->
<testsuite hostname="MSI-C165" failures="0" tests="7" name="Asgard.LoginPage" time="414.221" errors="0" timestamp="09 Dec 2019 13:24:31 GMT" skipped="0">
  <testcase classname="Asgard.LoginPage" name="CreateBusiness" time="40.801"/>
  <testcase classname="Asgard.LoginPage" name="CreateProfile" time="50.085"/>
  <testcase classname="Asgard.LoginPage" name="Logout" time="30.671"/>
  <testcase classname="Asgard.LoginPage" name="Login" time="30.428"/>
  <testcase classname="Asgard.LoginPage" name="CreateUser" time="62.869"/>
  <testcase classname="Asgard.LoginPage" name="AddCompetitor" time="122.659"/>
  <testcase classname="Asgard.LoginPage" name="EditProfile" time="76.708"/>
</testsuite> <!-- Asgard.LoginPage -->
