<?xml version="1.0" encoding="UTF-8"?>
<!-- Generated by org.testng.reporters.JUnitReportReporter -->
<testsuite hostname="MSI-C165" failures="0" tests="1" name="Asgard.LoginPage" time="36.026" errors="0" timestamp="01 Jan 2020 10:27:35 GMT" skipped="0">
  <testcase classname="Asgard.LoginPage" name="BLogout" time="36.026"/>
</testsuite> <!-- Asgard.LoginPage -->
